[2026-06-03 07:19:24] ERROR EXTERNO (ALANUBE):
Ruta: POST https://sandbox.alanube.co/dom/v1/invoices
HTTP Code: 400
Payload: {"idDoc": {"encf": "E320000000041", "sequenceDueDate": "2026-07-03", "paymentType": 1, "taxAmountIndicator": 0, "incomeType": 1}, "sender": {"rnc": "22900013305", "companyName": "MDevs", "tradename": "MDev", "branchOffice": "Sucursal Principal", "address": "", "municipality": "010101", "province": "010000", "phoneNumber": ["809-866-8227"], "mail": "Esmerlinep@gmail.com", "webSite": "www.mdevs.com.do", "economicActivity": "Actividad Comercial", "sellerCode": "Carlos Segura ID458-457", "internalInvoiceNumber": 32697, "internalOrderNumber": "FAC-032697", "saleArea": "Santo Domingo Este", "saleRoute": "Ruta 1", "stampDate": "2026-06-03", "additionalInformationIssuer": "Informaci\u00f3n adicional del emisor"}, "totals": {"totalTaxedAmount": 15000.0, "i1AmountTaxed": 15000.0, "itbisS1": 18, "itbisTotal": 2700.0, "itbis1Total": 2700.0, "totalAmount": 17700.0}, "itemDetails": [{"lineNumber": 1, "productCode": "ITM-1", "itemCodeTable": [{"codeType": "Interna", "itemCode": "ITM-1"}], "itemName": "Asesoria de Software", "quantityItem": 1, "unitPriceItem": 15000.0, "itemAmount": 15000.0, "goodServiceIndicator": 1, "billingIndicator": 1, "unitMeasure": 58}], "config": {"pdf": {"type": "generic"}}, "buyer": {"companyName": "Consumidor Final", "address": "Rep\u00fablica Dominicana", "mail": "contacto@cliente.com", "contact": "Consumidor Final", "rnc": "999999999"}}
Response: {"errors": [{"code": "AEP2009", "message": "The DGII service returned a Bad Request error: Tipo de certificado no admitido"}]}
------------------------------------------------------------
[2026-06-03 07:25:16] ERROR EXTERNO (ALANUBE):
Ruta: POST https://sandbox.alanube.co/dom/v1/invoices
HTTP Code: 400
Payload: {"idDoc": {"encf": "E320000000041", "sequenceDueDate": "2026-07-03", "paymentType": 1, "taxAmountIndicator": 0, "incomeType": 1}, "sender": {"rnc": "22900013305", "companyName": "MDevs", "tradename": "MDev", "branchOffice": "Sucursal Principal", "address": "", "municipality": "010101", "province": "010000", "phoneNumber": ["809-866-8227"], "mail": "Esmerlinep@gmail.com", "webSite": "www.mdevs.com.do", "economicActivity": "Actividad Comercial", "sellerCode": "Carlos Segura ID458-457", "internalInvoiceNumber": 32697, "internalOrderNumber": "FAC-032697", "saleArea": "Santo Domingo Este", "saleRoute": "Ruta 1", "stampDate": "2026-06-03", "additionalInformationIssuer": "Informaci\u00f3n adicional del emisor"}, "totals": {"totalTaxedAmount": 15000.0, "i1AmountTaxed": 15000.0, "itbisS1": 18, "itbisTotal": 2700.0, "itbis1Total": 2700.0, "totalAmount": 17700.0}, "itemDetails": [{"lineNumber": 1, "productCode": "ITM-1", "itemCodeTable": [{"codeType": "Interna", "itemCode": "ITM-1"}], "itemName": "Asesoria de Software", "quantityItem": 1, "unitPriceItem": 15000.0, "itemAmount": 15000.0, "goodServiceIndicator": 1, "billingIndicator": 1, "unitMeasure": 58}], "config": {"pdf": {"type": "generic"}}, "buyer": {"companyName": "Consumidor Final", "address": "Rep\u00fablica Dominicana", "mail": "contacto@cliente.com", "contact": "Consumidor Final", "rnc": "999999999"}}
Response: {"errors": [{"code": "AEP2009", "message": "The DGII service returned a Bad Request error: Tipo de certificado no admitido"}]}
------------------------------------------------------------
[2026-06-03 07:28:22] ERROR EXTERNO (ALANUBE):
Ruta: POST https://sandbox.alanube.co/dom/v1/invoices
HTTP Code: 400
Payload: {"idDoc": {"encf": "E320000000041", "sequenceDueDate": "2026-07-03", "paymentType": 1, "taxAmountIndicator": 0, "incomeType": 1}, "sender": {"rnc": "22900013305", "companyName": "ESMERLIN PANIAGUA MARTINEZ", "tradename": "ESMERLIN PANIAGUA MARTINEZ", "branchOffice": "Sucursal Principal", "address": "", "municipality": "010101", "province": "010000", "phoneNumber": ["809-866-8227"], "mail": "Esmerlinep@gmail.com", "webSite": "www.esmerlinpaniaguamartinez.com.do", "economicActivity": "Actividad Comercial", "sellerCode": "Carlos Segura ID458-457", "internalInvoiceNumber": 32697, "internalOrderNumber": "FAC-032697", "saleArea": "Santo Domingo Este", "saleRoute": "Ruta 1", "stampDate": "2026-06-03", "additionalInformationIssuer": "Informaci\u00f3n adicional del emisor"}, "totals": {"totalTaxedAmount": 15000.0, "i1AmountTaxed": 15000.0, "itbisS1": 18, "itbisTotal": 2700.0, "itbis1Total": 2700.0, "totalAmount": 17700.0}, "itemDetails": [{"lineNumber": 1, "productCode": "ITM-1", "itemCodeTable": [{"codeType": "Interna", "itemCode": "ITM-1"}], "itemName": "Asesoria de Software", "quantityItem": 1, "unitPriceItem": 15000.0, "itemAmount": 15000.0, "goodServiceIndicator": 1, "billingIndicator": 1, "unitMeasure": 58}], "config": {"pdf": {"type": "generic"}}, "buyer": {"companyName": "Consumidor Final", "address": "Rep\u00fablica Dominicana", "mail": "contacto@cliente.com", "contact": "Consumidor Final", "rnc": "999999999"}}
Response: {"errors": [{"code": "AEP2009", "message": "The DGII service returned a Bad Request error: Tipo de certificado no admitido"}]}
------------------------------------------------------------
[2026-06-08 19:13:13] ERROR EXTERNO (ALANUBE):
Ruta: POST https://sandbox.alanube.co/dom/v1/invoices
HTTP Code: 400
Payload: {"idDoc": {"encf": "E320000000044", "sequenceDueDate": "2026-07-08", "paymentType": 1, "taxAmountIndicator": 0, "incomeType": 1}, "sender": {"rnc": "22900013305", "companyName": "ESMERLIN PANIAGUA MARTINEZ", "tradename": "MDevs", "branchOffice": "Sucursal Principal", "address": "", "municipality": "010101", "province": "010000", "phoneNumber": ["809-866-8227"], "mail": "Esmerlinep@gmail.com", "webSite": "www.esmerlinpaniaguamartinez.com.do", "economicActivity": "Actividad Comercial", "sellerCode": "Carlos Segura ID458-457", "internalInvoiceNumber": 459379, "internalOrderNumber": "FAC-459379", "saleArea": "Santo Domingo Este", "saleRoute": "Ruta 1", "stampDate": "2026-06-08", "additionalInformationIssuer": "Informaci\u00f3n adicional del emisor"}, "totals": {"totalTaxedAmount": 1800.0, "i1AmountTaxed": 1800.0, "itbisS1": 18, "itbisTotal": 368.46, "itbis1Total": 368.46, "totalAmount": 2415.48}, "itemDetails": [{"lineNumber": 1, "productCode": "ITM-1", "itemCodeTable": [{"codeType": "Interna", "itemCode": "ITM-1"}], "itemName": "Cerveza Popular", "quantityItem": 20, "unitPriceItem": 180.0, "itemAmount": 1800.0, "goodServiceIndicator": 1, "billingIndicator": 1, "unitMeasure": 58}], "config": {"pdf": {"type": "generic"}}, "buyer": {"companyName": "Consumidor Final", "address": "Rep\u00fablica Dominicana", "mail": "contacto@cliente.com", "contact": "Consumidor Final", "rnc": "999999999"}}
Response: {"errors": [{"code": "AEP2009", "message": "The DGII service returned a Bad Request error: El RNC 22900013305 del certificado no est\u00e1 delegado para realizar transaciones."}]}
------------------------------------------------------------
[2026-06-08 19:34:15] ERROR EXTERNO (ALANUBE):
Ruta: POST https://sandbox.alanube.co/dom/v1/invoices
HTTP Code: 400
Payload: {"idDoc": {"encf": "E320000000045", "sequenceDueDate": "2026-07-08", "paymentType": 1, "taxAmountIndicator": 0, "incomeType": 1}, "sender": {"rnc": "22900013305", "companyName": "ESMERLIN PANIAGUA MARTINEZ", "tradename": "MDevs", "branchOffice": "Sucursal Principal", "address": "", "municipality": "010101", "province": "010000", "phoneNumber": ["809-866-8227"], "mail": "Esmerlinep@gmail.com", "webSite": "www.esmerlinpaniaguamartinez.com.do", "economicActivity": "Actividad Comercial", "sellerCode": "Carlos Segura ID458-457", "internalInvoiceNumber": 59070, "internalOrderNumber": "FAC-059070", "saleArea": "Santo Domingo Este", "saleRoute": "Ruta 1", "stampDate": "2026-06-08", "additionalInformationIssuer": "Informaci\u00f3n adicional del emisor"}, "totals": {"totalTaxedAmount": 15000.0, "i1AmountTaxed": 15000.0, "itbisS1": 18, "itbisTotal": 2700.0, "itbis1Total": 2700.0, "totalAmount": 17700.0}, "itemDetails": [{"lineNumber": 1, "productCode": "ITM-1", "itemCodeTable": [{"codeType": "Interna", "itemCode": "ITM-1"}], "itemName": "Asesoria de Software", "quantityItem": 1, "unitPriceItem": 15000.0, "itemAmount": 15000.0, "goodServiceIndicator": 1, "billingIndicator": 1, "unitMeasure": 58}], "config": {"pdf": {"type": "generic"}}, "buyer": {"companyName": "Consumidor Final", "address": "Rep\u00fablica Dominicana", "mail": "contacto@cliente.com", "contact": "Consumidor Final", "rnc": "999999999"}}
Response: {"errors": [{"code": "AEP2009", "message": "The DGII service returned a Bad Request error: El RNC 22900013305 del certificado no est\u00e1 delegado para realizar transaciones."}]}
------------------------------------------------------------
[2026-06-08 20:07:43] ERROR EXTERNO (ALANUBE):
Ruta: POST https://sandbox.alanube.co/dom/v1/invoices
HTTP Code: 400
Payload: {"idDoc": {"encf": "E320000000046", "sequenceDueDate": "2026-07-09", "paymentType": 1, "taxAmountIndicator": 0, "incomeType": 1, "paymentFormsTable": [{"paymentMethod": 1, "paymentAmount": 1134.88}]}, "sender": {"rnc": "22900013305", "companyName": "ESMERLIN PANIAGUA MARTINEZ", "tradename": "MDevs", "branchOffice": "Sucursal Principal", "address": "", "municipality": "010101", "province": "010000", "phoneNumber": ["809-866-8227"], "mail": "Esmerlinep@gmail.com", "webSite": "www.esmerlinpaniaguamartinez.com.do", "economicActivity": "Actividad Comercial", "sellerCode": "Carlos Segura ID458-457", "internalInvoiceNumber": "FAC-888305", "internalOrderNumber": "FAC-888305", "saleArea": "Santo Domingo Este", "saleRoute": "Ruta 1", "stampDate": "2026-06-08", "additionalInformationIssuer": "Informaci\u00f3n adicional del emisor"}, "totals": {"totalTaxedAmount": 900.0, "i1AmountTaxed": 900.0, "itbisS1": 18, "itbisTotal": 173.12, "itbis1Total": 173.12, "totalAmount": 1134.88}, "itemDetails": [{"lineNumber": 1, "productCode": "ITM-1", "itemCodeTable": [{"codeType": "Interna", "itemCode": "ITM-1"}], "itemName": "Cerveza Popular", "quantityItem": 5.0, "unitPriceItem": 180.0, "itemAmount": 900.0, "goodServiceIndicator": 1, "billingIndicator": 1, "unitMeasure": 58}], "config": {"pdf": {"type": "generic"}}, "buyer": {"companyName": "Esmerlin", "address": "Rep\u00fablica Dominicana", "mail": "esmerlinep@gmail.com", "contact": "Esmerlin", "rnc": "22900013305"}}
Response: {"errors": [{"code": "AEP2009", "message": "The DGII service returned a Bad Request error: El RNC 22900013305 del certificado no est\u00e1 delegado para realizar transaciones."}]}
------------------------------------------------------------
[2026-06-09 07:21:26] ERROR EXTERNO (ALANUBE):
Ruta: POST https://sandbox.alanube.co/dom/v1/invoices
HTTP Code: 400
Payload: {"idDoc": {"encf": "E320000000045", "sequenceDueDate": "2026-07-08", "paymentType": 1, "taxAmountIndicator": 0, "incomeType": 1, "paymentFormsTable": [{"paymentMethod": 1, "paymentAmount": 17700.0}]}, "sender": {"rnc": "22900013305", "companyName": "ESMERLIN PANIAGUA MARTINEZ", "tradename": "MDevs", "branchOffice": "Sucursal Principal", "address": "", "municipality": "010101", "province": "010000", "phoneNumber": ["809-866-8227"], "mail": "Esmerlinep@gmail.com", "webSite": "www.esmerlinpaniaguamartinez.com.do", "economicActivity": "Actividad Comercial", "sellerCode": "Carlos Segura ID458-457", "internalInvoiceNumber": "FAC-059070", "internalOrderNumber": "FAC-059070", "saleArea": "Santo Domingo Este", "saleRoute": "Ruta 1", "stampDate": "2026-06-08", "additionalInformationIssuer": "Informaci\u00f3n adicional del emisor"}, "totals": {"totalTaxedAmount": 15000.0, "i1AmountTaxed": 15000.0, "itbisS1": 18, "itbisTotal": 2700.0, "itbis1Total": 2700.0, "totalAmount": 17700.0}, "itemDetails": [{"lineNumber": 1, "productCode": "ITM-1", "itemCodeTable": [{"codeType": "Interna", "itemCode": "ITM-1"}], "itemName": "Asesoria de Software", "quantityItem": 1.0, "unitPriceItem": 15000.0, "itemAmount": 15000.0, "goodServiceIndicator": 1, "billingIndicator": 1, "unitMeasure": 58}], "config": {"pdf": {"type": "generic"}}, "buyer": {"companyName": "Consumidor Final", "address": "Rep\u00fablica Dominicana", "mail": "contacto@cliente.com", "contact": "Consumidor Final", "rnc": "999999999"}}
Response: {"errors": [{"code": "AEP2009", "message": "The DGII service returned a Bad Request error: El RNC 22900013305 del certificado no est\u00e1 delegado para realizar transaciones."}]}
------------------------------------------------------------
[2026-06-10 20:49:40] ERROR EXTERNO (ALANUBE):
Ruta: POST https://sandbox.alanube.co/dom/v1/invoices
HTTP Code: 400
Payload: {"idDoc": {"encf": "E320000000040", "sequenceDueDate": "2026-07-03", "paymentType": 1, "taxAmountIndicator": 0, "incomeType": 1, "paymentFormsTable": [{"paymentMethod": 1, "paymentAmount": 226.97}]}, "sender": {"rnc": "22900013305", "companyName": "ESMERLIN PANIAGUA MARTINEZ", "tradename": "MDevs", "branchOffice": "Sucursal Principal", "address": "", "municipality": "010101", "province": "010000", "phoneNumber": ["809-866-8227"], "mail": "esmerlinep@gmail.com", "webSite": "www.esmerlinpaniaguamartinez.com.do", "economicActivity": "Actividad Comercial", "sellerCode": "Carlos Segura ID458-457", "internalInvoiceNumber": "FAC-484087", "internalOrderNumber": "FAC-484087", "saleArea": "Santo Domingo Este", "saleRoute": "Ruta 1", "stampDate": "2026-06-03", "additionalInformationIssuer": "Informaci\u00f3n adicional del emisor"}, "totals": {"totalTaxedAmount": 180.0, "i1AmountTaxed": 180.0, "itbisS1": 18, "itbisTotal": 34.62, "itbis1Total": 34.62, "totalAmount": 226.97}, "itemDetails": [{"lineNumber": 1, "productCode": "ITM-1", "itemCodeTable": [{"codeType": "Interna", "itemCode": "ITM-1"}], "itemName": "Cerveza Popular", "quantityItem": 1.0, "unitPriceItem": 180.0, "itemAmount": 180.0, "goodServiceIndicator": 1, "billingIndicator": 1, "unitMeasure": 58}], "config": {"pdf": {"type": "generic"}}, "buyer": {"companyName": "Consumidor Final", "address": "Rep\u00fablica Dominicana", "mail": "contacto@cliente.com", "contact": "Consumidor Final", "rnc": "999999999"}}
Response: {"errors": [{"code": "AEP2009", "message": "The DGII service returned a Bad Request error: El RNC 22900013305 del certificado no est\u00e1 delegado para realizar transaciones."}]}
------------------------------------------------------------
[2026-06-19 15:31:53] ERROR API:
Ruta: GET /api/v1/metadata/catalogs
HTTP Code: 401
Payload: 
Response: {"error":"Falta la cabecera de autenticaci\u00f3n 'X-API-Key'.","success":false}

------------------------------------------------------------
[2026-06-22 14:57:17] ERROR API:
Ruta: POST /api/quotations/preview
HTTP Code: 429
Payload: {"clientId":"b3ae02d2-7784-4884-b598-4f6cf2d62137","clientName":"HERNANDEZ PEREZ","clientRNC":"C0050","clientContact":"","clientEmail":"jgmyers@icloud.com","clientPhone":"8095556666","clientAddress":"","subject":"Cotización para Rotulación de Tuk Tuks - KODEX SOLUTIONS S.R.L","items":[{"code":"RTK-001","name":"Rotulación de Tuk Tuks","quantity":7,"price":15000,"itbisRate":0.18,"discountRate":0}],"scopeIncluded":["Aplicación de viniles en 7 Tuk Tuks","Acabados profesionales","Protección de los viniles","Retoques finales"],"scopeExcluded":["Hospedaje del equipo técnico","Transporte de los Tuk Tuks","Materiales adicionales no especificados"],"deliverables":[{"name":"Tuk Tuks rotulados","description":"7 Tuk Tuks completamente rotulados con el logo del HVPC.","estimatedDate":"2 semanas"}],"timeline":[{"phase":"Preparación","description":"Revisión y preparación de los Tuk Tuks para la rotulación.","duration":"1 semana"},{"phase":"Aplicación de viniles","description":"Aplicación de los viniles en los Tuk Tuks.","duration":"1 semana"}],"paymentSchedule":[{"installment":1,"description":"Pago inicial para comenzar el proyecto","percentage":50,"trigger":"Firma del contrato"},{"installment":2,"description":"Pago final tras la entrega del proyecto","percentage":50,"trigger":"Finalización de la rotulación"}],"validityDays":15,"termsAndConditions":"Los precios son válidos por 15 días. El pago inicial del 50% es requerido para iniciar el trabajo. El saldo debe ser pagado al finalizar el proyecto.","intellectualProperty":"Todos los diseños y materiales utilizados en la rotulación son propiedad de KODEX SOLUTIONS S.R.L hasta que se complete el pago total.","confidentiality":"Ambas partes acuerdan mantener la confidencialidad de la información compartida durante el proceso.","supportTerms":"Se ofrece soporte post-entrega por un período de 30 días para cualquier ajuste menor.","warrantyTerms":"La rotulación tiene una garantía de 6 meses contra defectos de aplicación.","observations":"El cliente debe proporcionar hospedaje para el equipo técnico por una noche.","currency":"RD$","paymentType":"Transferencia Bancaria","paymentMethod":"Transferencia","discountRate":0,"notes":""}
Response: <!doctype html>
<html lang=en>
<title>429 Too Many Requests</title>
<h1>Too Many Requests</h1>
<p>10 per 1 minute</p>

------------------------------------------------------------
[2026-06-22 14:57:18] ERROR API:
Ruta: POST /api/quotations/preview
HTTP Code: 429
Payload: {"clientId":"b3ae02d2-7784-4884-b598-4f6cf2d62137","clientName":"HERNANDEZ PEREZ","clientRNC":"C0050","clientContact":"","clientEmail":"jgmyers@icloud.com","clientPhone":"8095556666","clientAddress":"","subject":"Cotización para Rotulación de Tuk Tuks - KODEX SOLUTIONS S.R.L","items":[{"code":"RTK-001","name":"Rotulación de Tuk Tuks","quantity":7,"price":15000,"itbisRate":0.18,"discountRate":0}],"scopeIncluded":["Aplicación de viniles en 7 Tuk Tuks","Acabados profesionales","Protección de los viniles","Retoques finales"],"scopeExcluded":["Hospedaje del equipo técnico","Transporte de los Tuk Tuks","Materiales adicionales no especificados"],"deliverables":[{"name":"Tuk Tuks rotulados","description":"7 Tuk Tuks completamente rotulados con el logo del HVPC.","estimatedDate":"2 semanas"}],"timeline":[{"phase":"Preparación","description":"Revisión y preparación de los Tuk Tuks para la rotulación.","duration":"1 semana"},{"phase":"Aplicación de viniles","description":"Aplicación de los viniles en los Tuk Tuks.","duration":"1 semana"}],"paymentSchedule":[{"installment":1,"description":"Pago inicial para comenzar el proyecto","percentage":50,"trigger":"Firma del contrato"},{"installment":2,"description":"Pago final tras la entrega del proyecto","percentage":50,"trigger":"Finalización de la rotulación"}],"validityDays":15,"termsAndConditions":"Los precios son válidos por 15 días. El pago inicial del 50% es requerido para iniciar el trabajo. El saldo debe ser pagado al finalizar el proyecto.","intellectualProperty":"Todos los diseños y materiales utilizados en la rotulación son propiedad de KODEX SOLUTIONS S.R.L hasta que se complete el pago total.","confidentiality":"Ambas partes acuerdan mantener la confidencialidad de la información compartida durante el proceso.","supportTerms":"Se ofrece soporte post-entrega por un período de 30 días para cualquier ajuste menor.","warrantyTerms":"La rotulación tiene una garantía de 6 meses contra defectos de aplicación.","observations":"El cliente debe proporcionar hospedaje para el equipo técnico por una noche.","currency":"RD$","paymentType":"Transferencia Bancaria","paymentMethod":"Transferencia","discountRate":0,"notes":""}
Response: <!doctype html>
<html lang=en>
<title>429 Too Many Requests</title>
<h1>Too Many Requests</h1>
<p>10 per 1 minute</p>

------------------------------------------------------------
[2026-06-22 14:57:22] ERROR API:
Ruta: POST /api/quotations/preview
HTTP Code: 429
Payload: {"clientId":"b3ae02d2-7784-4884-b598-4f6cf2d62137","clientName":"HERNANDEZ PEREZ","clientRNC":"C0050","clientContact":"MARIA ","clientEmail":"jgmyers@icloud.com","clientPhone":"8095556666","clientAddress":"","subject":"Cotización para Rotulación de Tuk Tuks - KODEX SOLUTIONS S.R.L","items":[{"code":"RTK-001","name":"Rotulación de Tuk Tuks","quantity":7,"price":15000,"itbisRate":0.18,"discountRate":0}],"scopeIncluded":["Aplicación de viniles en 7 Tuk Tuks","Acabados profesionales","Protección de los viniles","Retoques finales"],"scopeExcluded":["Hospedaje del equipo técnico","Transporte de los Tuk Tuks","Materiales adicionales no especificados"],"deliverables":[{"name":"Tuk Tuks rotulados","description":"7 Tuk Tuks completamente rotulados con el logo del HVPC.","estimatedDate":"2 semanas"}],"timeline":[{"phase":"Preparación","description":"Revisión y preparación de los Tuk Tuks para la rotulación.","duration":"1 semana"},{"phase":"Aplicación de viniles","description":"Aplicación de los viniles en los Tuk Tuks.","duration":"1 semana"}],"paymentSchedule":[{"installment":1,"description":"Pago inicial para comenzar el proyecto","percentage":50,"trigger":"Firma del contrato"},{"installment":2,"description":"Pago final tras la entrega del proyecto","percentage":50,"trigger":"Finalización de la rotulación"}],"validityDays":15,"termsAndConditions":"Los precios son válidos por 15 días. El pago inicial del 50% es requerido para iniciar el trabajo. El saldo debe ser pagado al finalizar el proyecto.","intellectualProperty":"Todos los diseños y materiales utilizados en la rotulación son propiedad de KODEX SOLUTIONS S.R.L hasta que se complete el pago total.","confidentiality":"Ambas partes acuerdan mantener la confidencialidad de la información compartida durante el proceso.","supportTerms":"Se ofrece soporte post-entrega por un período de 30 días para cualquier ajuste menor.","warrantyTerms":"La rotulación tiene una garantía de 6 meses contra defectos de aplicación.","observations":"El cliente debe proporcionar hospedaje para el equipo técnico por una noche.","currency":"RD$","paymentType":"Transferencia Bancaria","paymentMethod":"Transferencia","discountRate":0,"notes":""}
Response: <!doctype html>
<html lang=en>
<title>429 Too Many Requests</title>
<h1>Too Many Requests</h1>
<p>10 per 1 minute</p>

------------------------------------------------------------
[2026-06-22 14:57:23] ERROR API:
Ruta: POST /api/quotations/preview
HTTP Code: 429
Payload: {"clientId":"b3ae02d2-7784-4884-b598-4f6cf2d62137","clientName":"HERNANDEZ PEREZ","clientRNC":"C0050","clientContact":"MARIA PENA","clientEmail":"jgmyers@icloud.com","clientPhone":"8095556666","clientAddress":"","subject":"Cotización para Rotulación de Tuk Tuks - KODEX SOLUTIONS S.R.L","items":[{"code":"RTK-001","name":"Rotulación de Tuk Tuks","quantity":7,"price":15000,"itbisRate":0.18,"discountRate":0}],"scopeIncluded":["Aplicación de viniles en 7 Tuk Tuks","Acabados profesionales","Protección de los viniles","Retoques finales"],"scopeExcluded":["Hospedaje del equipo técnico","Transporte de los Tuk Tuks","Materiales adicionales no especificados"],"deliverables":[{"name":"Tuk Tuks rotulados","description":"7 Tuk Tuks completamente rotulados con el logo del HVPC.","estimatedDate":"2 semanas"}],"timeline":[{"phase":"Preparación","description":"Revisión y preparación de los Tuk Tuks para la rotulación.","duration":"1 semana"},{"phase":"Aplicación de viniles","description":"Aplicación de los viniles en los Tuk Tuks.","duration":"1 semana"}],"paymentSchedule":[{"installment":1,"description":"Pago inicial para comenzar el proyecto","percentage":50,"trigger":"Firma del contrato"},{"installment":2,"description":"Pago final tras la entrega del proyecto","percentage":50,"trigger":"Finalización de la rotulación"}],"validityDays":15,"termsAndConditions":"Los precios son válidos por 15 días. El pago inicial del 50% es requerido para iniciar el trabajo. El saldo debe ser pagado al finalizar el proyecto.","intellectualProperty":"Todos los diseños y materiales utilizados en la rotulación son propiedad de KODEX SOLUTIONS S.R.L hasta que se complete el pago total.","confidentiality":"Ambas partes acuerdan mantener la confidencialidad de la información compartida durante el proceso.","supportTerms":"Se ofrece soporte post-entrega por un período de 30 días para cualquier ajuste menor.","warrantyTerms":"La rotulación tiene una garantía de 6 meses contra defectos de aplicación.","observations":"El cliente debe proporcionar hospedaje para el equipo técnico por una noche.","currency":"RD$","paymentType":"Transferencia Bancaria","paymentMethod":"Transferencia","discountRate":0,"notes":""}
Response: <!doctype html>
<html lang=en>
<title>429 Too Many Requests</title>
<h1>Too Many Requests</h1>
<p>10 per 1 minute</p>

------------------------------------------------------------
[2026-06-22 14:57:24] ERROR API:
Ruta: POST /api/quotations/preview
HTTP Code: 429
Payload: {"clientId":"b3ae02d2-7784-4884-b598-4f6cf2d62137","clientName":"HERNANDEZ PEREZ","clientRNC":"C0050","clientContact":"MARIA PENA","clientEmail":"jgmyers@icloud.com","clientPhone":"8095556666","clientAddress":"","subject":"Cotización para Rotulación de Tuk Tuks - KODEX SOLUTIONS S.R.L","items":[{"code":"RTK-001","name":"Rotulación de Tuk Tuks","quantity":7,"price":15000,"itbisRate":0.18,"discountRate":0}],"scopeIncluded":["Aplicación de viniles en 7 Tuk Tuks","Acabados profesionales","Protección de los viniles","Retoques finales"],"scopeExcluded":["Hospedaje del equipo técnico","Transporte de los Tuk Tuks","Materiales adicionales no especificados"],"deliverables":[{"name":"Tuk Tuks rotulados","description":"7 Tuk Tuks completamente rotulados con el logo del HVPC.","estimatedDate":"2 semanas"}],"timeline":[{"phase":"Preparación","description":"Revisión y preparación de los Tuk Tuks para la rotulación.","duration":"1 semana"},{"phase":"Aplicación de viniles","description":"Aplicación de los viniles en los Tuk Tuks.","duration":"1 semana"}],"paymentSchedule":[{"installment":1,"description":"Pago inicial para comenzar el proyecto","percentage":50,"trigger":"Firma del contrato"},{"installment":2,"description":"Pago final tras la entrega del proyecto","percentage":50,"trigger":"Finalización de la rotulación"}],"validityDays":15,"termsAndConditions":"Los precios son válidos por 15 días. El pago inicial del 50% es requerido para iniciar el trabajo. El saldo debe ser pagado al finalizar el proyecto.","intellectualProperty":"Todos los diseños y materiales utilizados en la rotulación son propiedad de KODEX SOLUTIONS S.R.L hasta que se complete el pago total.","confidentiality":"Ambas partes acuerdan mantener la confidencialidad de la información compartida durante el proceso.","supportTerms":"Se ofrece soporte post-entrega por un período de 30 días para cualquier ajuste menor.","warrantyTerms":"La rotulación tiene una garantía de 6 meses contra defectos de aplicación.","observations":"El cliente debe proporcionar hospedaje para el equipo técnico por una noche.","currency":"RD$","paymentType":"Transferencia Bancaria","paymentMethod":"Transferencia","discountRate":0,"notes":""}
Response: <!doctype html>
<html lang=en>
<title>429 Too Many Requests</title>
<h1>Too Many Requests</h1>
<p>10 per 1 minute</p>

------------------------------------------------------------
[2026-06-22 14:57:30] ERROR API:
Ruta: POST /api/quotations/preview
HTTP Code: 429
Payload: {"clientId":"b3ae02d2-7784-4884-b598-4f6cf2d62137","clientName":"HERNANDEZ PEREZ","clientRNC":"C0050","clientContact":"MARIA PENA","clientEmail":"jgmyers@icloud.com","clientPhone":"8095556666","clientAddress":"","subject":"Cotización para Rotulación de Tuk Tuks - KODEX SOLUTIONS S.R.L","items":[{"code":"RTK-001","name":"Rotulación de Tuk Tuks","quantity":7,"price":15000,"itbisRate":0.18,"discountRate":0}],"scopeIncluded":["Aplicación de viniles en 7 Tuk Tuks","Acabados profesionales","Protección de los viniles","Retoques finales"],"scopeExcluded":["Hospedaje del equipo técnico","Transporte de los Tuk Tuks","Materiales adicionales no especificados"],"deliverables":[{"name":"Tuk Tuks rotulados","description":"7 Tuk Tuks completamente rotulados con el logo del HVPC.","estimatedDate":"2 semanas"}],"timeline":[{"phase":"Preparación","description":"Revisión y preparación de los Tuk Tuks para la rotulación.","duration":"1 semana"},{"phase":"Aplicación de viniles","description":"Aplicación de los viniles en los Tuk Tuks.","duration":"1 semana"}],"paymentSchedule":[{"installment":1,"description":"Pago inicial para comenzar el proyecto","percentage":50,"trigger":"Firma del contrato"},{"installment":2,"description":"Pago final tras la entrega del proyecto","percentage":50,"trigger":"Finalización de la rotulación"}],"validityDays":15,"termsAndConditions":"Los precios son válidos por 15 días. El pago inicial del 50% es requerido para iniciar el trabajo. El saldo debe ser pagado al finalizar el proyecto.","intellectualProperty":"Todos los diseños y materiales utilizados en la rotulación son propiedad de KODEX SOLUTIONS S.R.L hasta que se complete el pago total.","confidentiality":"Ambas partes acuerdan mantener la confidencialidad de la información compartida durante el proceso.","supportTerms":"Se ofrece soporte post-entrega por un período de 30 días para cualquier ajuste menor.","warrantyTerms":"La rotulación tiene una garantía de 6 meses contra defectos de aplicación.","observations":"El cliente debe proporcionar hospedaje para el equipo técnico por una noche.","currency":"RD$","paymentType":"Transferencia Bancaria","paymentMethod":"Transferencia","discountRate":0,"notes":""}
Response: <!doctype html>
<html lang=en>
<title>429 Too Many Requests</title>
<h1>Too Many Requests</h1>
<p>10 per 1 minute</p>

------------------------------------------------------------
[2026-06-22 14:57:49] ERROR API:
Ruta: POST /api/quotations/preview
HTTP Code: 429
Payload: {"clientId":"b3ae02d2-7784-4884-b598-4f6cf2d62137","clientName":"HERNANDEZ PEREZ","clientRNC":"C0050","clientContact":"MARIA PENA","clientEmail":"jgmyers@icloud.com","clientPhone":"8095556666","clientAddress":"","subject":"Cotización para Rotulación de Tuk Tuks - KODEX SOLUTIONS S.R.L","items":[{"code":"RTK-001","name":"Rotulación de Tuk Tuks","quantity":7,"price":15000,"itbisRate":0.18,"discountRate":0},{"code":"","name":"","quantity":1,"price":0,"itbisRate":0.18,"discountRate":0}],"scopeIncluded":["Aplicación de viniles en 7 Tuk Tuks","Acabados profesionales","Protección de los viniles","Retoques finales"],"scopeExcluded":["Hospedaje del equipo técnico","Transporte de los Tuk Tuks","Materiales adicionales no especificados"],"deliverables":[{"name":"Tuk Tuks rotulados","description":"7 Tuk Tuks completamente rotulados con el logo del HVPC.","estimatedDate":"2 semanas"}],"timeline":[{"phase":"Preparación","description":"Revisión y preparación de los Tuk Tuks para la rotulación.","duration":"1 semana"},{"phase":"Aplicación de viniles","description":"Aplicación de los viniles en los Tuk Tuks.","duration":"1 semana"}],"paymentSchedule":[{"installment":1,"description":"Pago inicial para comenzar el proyecto","percentage":50,"trigger":"Firma del contrato"},{"installment":2,"description":"Pago final tras la entrega del proyecto","percentage":50,"trigger":"Finalización de la rotulación"}],"validityDays":15,"termsAndConditions":"Los precios son válidos por 15 días. El pago inicial del 50% es requerido para iniciar el trabajo. El saldo debe ser pagado al finalizar el proyecto.","intellectualProperty":"Todos los diseños y materiales utilizados en la rotulación son propiedad de KODEX SOLUTIONS S.R.L hasta que se complete el pago total.","confidentiality":"Ambas partes acuerdan mantener la confidencialidad de la información compartida durante el proceso.","supportTerms":"Se ofrece soporte post-entrega por un período de 30 días para cualquier ajuste menor.","warrantyTerms":"La rotulación tiene una garantía de 6 meses contra defectos de aplicación.","observations":"El cliente debe proporcionar hospedaje para el equipo técnico por una noche.","currency":"RD$","paymentType":"Transferencia Bancaria","paymentMethod":"Transferencia","discountRate":0,"notes":""}
Response: <!doctype html>
<html lang=en>
<title>429 Too Many Requests</title>
<h1>Too Many Requests</h1>
<p>10 per 1 minute</p>

------------------------------------------------------------
[2026-06-22 15:50:16] ERROR API:
Ruta: POST /api/quotations/preview
HTTP Code: 429
Payload: {"clientId":"1ee5488c-3541-48eb-9e6b-1504ed43ff1f","clientName":"","clientRNC":"C0120","clientContact":"","clientEmail":"bryanw@outlook.com","clientPhone":"","clientAddress":"","subject":"Cotización para Rotulación de Tuk Tuks - KODEX SOLUTIONS S.R.L","items":[{"code":"RTK-001","name":"Rotulación de Tuk Tuks","quantity":1,"price":20000,"itbisRate":0.18,"discountRate":0,"catalogId":""}],"scopeIncluded":["Aplicación de viniles en 7 Tuk Tuks","Acabados profesionales","Protección y retoques finales"],"scopeExcluded":["Hospedaje del equipo técnico","Costos de transporte de los Tuk Tuks"],"deliverables":[{"name":"Tuk Tuks rotulados","description":"7 Tuk Tuks completamente rotulados con el logo del HVPC.","estimatedDate":"2 semanas"}],"timeline":[{"phase":"Preparación","description":"Preparación del diseño y materiales necesarios para la rotulación.","duration":"1 semana"},{"phase":"Aplicación","description":"Aplicación de los viniles en los Tuk Tuks.","duration":"1 semana"}],"paymentSchedule":[{"installment":1,"description":"Pago inicial para comenzar el proyecto","percentage":50,"trigger":"Firma del contrato"},{"installment":2,"description":"Pago final al finalizar la rotulación","percentage":50,"trigger":"Entrega de los Tuk Tuks rotulados"}],"validityDays":15,"termsAndConditions":"Los precios son válidos por 15 días a partir de la fecha de emisión. El pago inicial debe ser realizado antes de comenzar el trabajo.","intellectualProperty":"Todos los diseños y materiales creados durante el proyecto son propiedad de KODEX SOLUTIONS S.R.L. hasta que se realice el pago completo.","confidentiality":"Ambas partes acuerdan mantener la confidencialidad sobre la información intercambiada durante el proyecto.","supportTerms":"Se ofrece soporte por 30 días después de la entrega para cualquier ajuste necesario.","warrantyTerms":"La rotulación tiene una garantía de 6 meses contra defectos de aplicación.","observations":"El cliente debe proporcionar el hospedaje para el equipo técnico durante una noche.","currency":"RD$","paymentType":"Transferencia Bancaria","paymentMethod":"Transferencia","discountRate":0,"notes":""}
Response: <!doctype html>
<html lang=en>
<title>429 Too Many Requests</title>
<h1>Too Many Requests</h1>
<p>10 per 1 minute</p>

------------------------------------------------------------
[2026-06-22 15:50:19] ERROR API:
Ruta: POST /api/quotations/preview
HTTP Code: 429
Payload: {"clientId":"169bc434-f41c-453f-9d60-5870166caeb2","clientName":"","clientRNC":"C0120","clientContact":"","clientEmail":"bryanw@outlook.com","clientPhone":"","clientAddress":"","subject":"Cotización para Rotulación de Tuk Tuks - KODEX SOLUTIONS S.R.L","items":[{"code":"RTK-001","name":"Rotulación de Tuk Tuks","quantity":1,"price":20000,"itbisRate":0.18,"discountRate":0,"catalogId":""}],"scopeIncluded":["Aplicación de viniles en 7 Tuk Tuks","Acabados profesionales","Protección y retoques finales"],"scopeExcluded":["Hospedaje del equipo técnico","Costos de transporte de los Tuk Tuks"],"deliverables":[{"name":"Tuk Tuks rotulados","description":"7 Tuk Tuks completamente rotulados con el logo del HVPC.","estimatedDate":"2 semanas"}],"timeline":[{"phase":"Preparación","description":"Preparación del diseño y materiales necesarios para la rotulación.","duration":"1 semana"},{"phase":"Aplicación","description":"Aplicación de los viniles en los Tuk Tuks.","duration":"1 semana"}],"paymentSchedule":[{"installment":1,"description":"Pago inicial para comenzar el proyecto","percentage":50,"trigger":"Firma del contrato"},{"installment":2,"description":"Pago final al finalizar la rotulación","percentage":50,"trigger":"Entrega de los Tuk Tuks rotulados"}],"validityDays":15,"termsAndConditions":"Los precios son válidos por 15 días a partir de la fecha de emisión. El pago inicial debe ser realizado antes de comenzar el trabajo.","intellectualProperty":"Todos los diseños y materiales creados durante el proyecto son propiedad de KODEX SOLUTIONS S.R.L. hasta que se realice el pago completo.","confidentiality":"Ambas partes acuerdan mantener la confidencialidad sobre la información intercambiada durante el proyecto.","supportTerms":"Se ofrece soporte por 30 días después de la entrega para cualquier ajuste necesario.","warrantyTerms":"La rotulación tiene una garantía de 6 meses contra defectos de aplicación.","observations":"El cliente debe proporcionar el hospedaje para el equipo técnico durante una noche.","currency":"RD$","paymentType":"Transferencia Bancaria","paymentMethod":"Transferencia","discountRate":0,"notes":""}
Response: <!doctype html>
<html lang=en>
<title>429 Too Many Requests</title>
<h1>Too Many Requests</h1>
<p>10 per 1 minute</p>

------------------------------------------------------------
[2026-06-22 15:50:21] ERROR API:
Ruta: POST /api/quotations/preview
HTTP Code: 429
Payload: {"clientId":"169bc434-f41c-453f-9d60-5870166caeb2","clientName":"","clientRNC":"C0120","clientContact":"","clientEmail":"bryanw@outlook.com","clientPhone":"","clientAddress":"","subject":"Cotización para Rotulación de Tuk Tuks - KODEX SOLUTIONS S.R.L","items":[{"code":"RTK-001","name":"Rotulación de Tuk Tuks","quantity":1,"price":20000,"itbisRate":0.18,"discountRate":0,"catalogId":""}],"scopeIncluded":["Aplicación de viniles en 7 Tuk Tuks","Acabados profesionales","Protección y retoques finales"],"scopeExcluded":["Hospedaje del equipo técnico","Costos de transporte de los Tuk Tuks"],"deliverables":[{"name":"Tuk Tuks rotulados","description":"7 Tuk Tuks completamente rotulados con el logo del HVPC.","estimatedDate":"2 semanas"}],"timeline":[{"phase":"Preparación","description":"Preparación del diseño y materiales necesarios para la rotulación.","duration":"1 semana"},{"phase":"Aplicación","description":"Aplicación de los viniles en los Tuk Tuks.","duration":"1 semana"}],"paymentSchedule":[{"installment":1,"description":"Pago inicial para comenzar el proyecto","percentage":50,"trigger":"Firma del contrato"},{"installment":2,"description":"Pago final al finalizar la rotulación","percentage":50,"trigger":"Entrega de los Tuk Tuks rotulados"}],"validityDays":15,"termsAndConditions":"Los precios son válidos por 15 días a partir de la fecha de emisión. El pago inicial debe ser realizado antes de comenzar el trabajo.","intellectualProperty":"Todos los diseños y materiales creados durante el proyecto son propiedad de KODEX SOLUTIONS S.R.L. hasta que se realice el pago completo.","confidentiality":"Ambas partes acuerdan mantener la confidencialidad sobre la información intercambiada durante el proyecto.","supportTerms":"Se ofrece soporte por 30 días después de la entrega para cualquier ajuste necesario.","warrantyTerms":"La rotulación tiene una garantía de 6 meses contra defectos de aplicación.","observations":"El cliente debe proporcionar el hospedaje para el equipo técnico durante una noche.","currency":"RD$","paymentType":"Transferencia Bancaria","paymentMethod":"Transferencia","discountRate":0,"notes":""}
Response: <!doctype html>
<html lang=en>
<title>429 Too Many Requests</title>
<h1>Too Many Requests</h1>
<p>10 per 1 minute</p>

------------------------------------------------------------
[2026-06-22 15:50:27] ERROR API:
Ruta: POST /api/quotations/preview
HTTP Code: 429
Payload: {"clientId":"169bc434-f41c-453f-9d60-5870166caeb2","clientName":"M","clientRNC":"C0120","clientContact":"","clientEmail":"bryanw@outlook.com","clientPhone":"","clientAddress":"","subject":"Cotización para Rotulación de Tuk Tuks - KODEX SOLUTIONS S.R.L","items":[{"code":"RTK-001","name":"Rotulación de Tuk Tuks","quantity":1,"price":20000,"itbisRate":0.18,"discountRate":0,"catalogId":""}],"scopeIncluded":["Aplicación de viniles en 7 Tuk Tuks","Acabados profesionales","Protección y retoques finales"],"scopeExcluded":["Hospedaje del equipo técnico","Costos de transporte de los Tuk Tuks"],"deliverables":[{"name":"Tuk Tuks rotulados","description":"7 Tuk Tuks completamente rotulados con el logo del HVPC.","estimatedDate":"2 semanas"}],"timeline":[{"phase":"Preparación","description":"Preparación del diseño y materiales necesarios para la rotulación.","duration":"1 semana"},{"phase":"Aplicación","description":"Aplicación de los viniles en los Tuk Tuks.","duration":"1 semana"}],"paymentSchedule":[{"installment":1,"description":"Pago inicial para comenzar el proyecto","percentage":50,"trigger":"Firma del contrato"},{"installment":2,"description":"Pago final al finalizar la rotulación","percentage":50,"trigger":"Entrega de los Tuk Tuks rotulados"}],"validityDays":15,"termsAndConditions":"Los precios son válidos por 15 días a partir de la fecha de emisión. El pago inicial debe ser realizado antes de comenzar el trabajo.","intellectualProperty":"Todos los diseños y materiales creados durante el proyecto son propiedad de KODEX SOLUTIONS S.R.L. hasta que se realice el pago completo.","confidentiality":"Ambas partes acuerdan mantener la confidencialidad sobre la información intercambiada durante el proyecto.","supportTerms":"Se ofrece soporte por 30 días después de la entrega para cualquier ajuste necesario.","warrantyTerms":"La rotulación tiene una garantía de 6 meses contra defectos de aplicación.","observations":"El cliente debe proporcionar el hospedaje para el equipo técnico durante una noche.","currency":"RD$","paymentType":"Transferencia Bancaria","paymentMethod":"Transferencia","discountRate":0,"notes":""}
Response: <!doctype html>
<html lang=en>
<title>429 Too Many Requests</title>
<h1>Too Many Requests</h1>
<p>10 per 1 minute</p>

------------------------------------------------------------
[2026-06-22 15:50:29] ERROR API:
Ruta: POST /api/quotations/preview
HTTP Code: 429
Payload: {"clientId":"169bc434-f41c-453f-9d60-5870166caeb2","clientName":"MANUEL ","clientRNC":"C0120","clientContact":"","clientEmail":"bryanw@outlook.com","clientPhone":"","clientAddress":"","subject":"Cotización para Rotulación de Tuk Tuks - KODEX SOLUTIONS S.R.L","items":[{"code":"RTK-001","name":"Rotulación de Tuk Tuks","quantity":1,"price":20000,"itbisRate":0.18,"discountRate":0,"catalogId":""}],"scopeIncluded":["Aplicación de viniles en 7 Tuk Tuks","Acabados profesionales","Protección y retoques finales"],"scopeExcluded":["Hospedaje del equipo técnico","Costos de transporte de los Tuk Tuks"],"deliverables":[{"name":"Tuk Tuks rotulados","description":"7 Tuk Tuks completamente rotulados con el logo del HVPC.","estimatedDate":"2 semanas"}],"timeline":[{"phase":"Preparación","description":"Preparación del diseño y materiales necesarios para la rotulación.","duration":"1 semana"},{"phase":"Aplicación","description":"Aplicación de los viniles en los Tuk Tuks.","duration":"1 semana"}],"paymentSchedule":[{"installment":1,"description":"Pago inicial para comenzar el proyecto","percentage":50,"trigger":"Firma del contrato"},{"installment":2,"description":"Pago final al finalizar la rotulación","percentage":50,"trigger":"Entrega de los Tuk Tuks rotulados"}],"validityDays":15,"termsAndConditions":"Los precios son válidos por 15 días a partir de la fecha de emisión. El pago inicial debe ser realizado antes de comenzar el trabajo.","intellectualProperty":"Todos los diseños y materiales creados durante el proyecto son propiedad de KODEX SOLUTIONS S.R.L. hasta que se realice el pago completo.","confidentiality":"Ambas partes acuerdan mantener la confidencialidad sobre la información intercambiada durante el proyecto.","supportTerms":"Se ofrece soporte por 30 días después de la entrega para cualquier ajuste necesario.","warrantyTerms":"La rotulación tiene una garantía de 6 meses contra defectos de aplicación.","observations":"El cliente debe proporcionar el hospedaje para el equipo técnico durante una noche.","currency":"RD$","paymentType":"Transferencia Bancaria","paymentMethod":"Transferencia","discountRate":0,"notes":""}
Response: <!doctype html>
<html lang=en>
<title>429 Too Many Requests</title>
<h1>Too Many Requests</h1>
<p>10 per 1 minute</p>

------------------------------------------------------------
[2026-06-22 15:50:31] ERROR API:
Ruta: POST /api/quotations/preview
HTTP Code: 429
Payload: {"clientId":"169bc434-f41c-453f-9d60-5870166caeb2","clientName":"MANUEL PENA","clientRNC":"C0120","clientContact":"","clientEmail":"bryanw@outlook.com","clientPhone":"","clientAddress":"","subject":"Cotización para Rotulación de Tuk Tuks - KODEX SOLUTIONS S.R.L","items":[{"code":"RTK-001","name":"Rotulación de Tuk Tuks","quantity":1,"price":20000,"itbisRate":0.18,"discountRate":0,"catalogId":""}],"scopeIncluded":["Aplicación de viniles en 7 Tuk Tuks","Acabados profesionales","Protección y retoques finales"],"scopeExcluded":["Hospedaje del equipo técnico","Costos de transporte de los Tuk Tuks"],"deliverables":[{"name":"Tuk Tuks rotulados","description":"7 Tuk Tuks completamente rotulados con el logo del HVPC.","estimatedDate":"2 semanas"}],"timeline":[{"phase":"Preparación","description":"Preparación del diseño y materiales necesarios para la rotulación.","duration":"1 semana"},{"phase":"Aplicación","description":"Aplicación de los viniles en los Tuk Tuks.","duration":"1 semana"}],"paymentSchedule":[{"installment":1,"description":"Pago inicial para comenzar el proyecto","percentage":50,"trigger":"Firma del contrato"},{"installment":2,"description":"Pago final al finalizar la rotulación","percentage":50,"trigger":"Entrega de los Tuk Tuks rotulados"}],"validityDays":15,"termsAndConditions":"Los precios son válidos por 15 días a partir de la fecha de emisión. El pago inicial debe ser realizado antes de comenzar el trabajo.","intellectualProperty":"Todos los diseños y materiales creados durante el proyecto son propiedad de KODEX SOLUTIONS S.R.L. hasta que se realice el pago completo.","confidentiality":"Ambas partes acuerdan mantener la confidencialidad sobre la información intercambiada durante el proyecto.","supportTerms":"Se ofrece soporte por 30 días después de la entrega para cualquier ajuste necesario.","warrantyTerms":"La rotulación tiene una garantía de 6 meses contra defectos de aplicación.","observations":"El cliente debe proporcionar el hospedaje para el equipo técnico durante una noche.","currency":"RD$","paymentType":"Transferencia Bancaria","paymentMethod":"Transferencia","discountRate":0,"notes":""}
Response: <!doctype html>
<html lang=en>
<title>429 Too Many Requests</title>
<h1>Too Many Requests</h1>
<p>10 per 1 minute</p>

------------------------------------------------------------
[2026-06-22 15:50:34] ERROR API:
Ruta: POST /api/quotations/preview
HTTP Code: 429
Payload: {"clientId":"169bc434-f41c-453f-9d60-5870166caeb2","clientName":"MANUEL PENA","clientRNC":"","clientContact":"","clientEmail":"bryanw@outlook.com","clientPhone":"","clientAddress":"","subject":"Cotización para Rotulación de Tuk Tuks - KODEX SOLUTIONS S.R.L","items":[{"code":"RTK-001","name":"Rotulación de Tuk Tuks","quantity":1,"price":20000,"itbisRate":0.18,"discountRate":0,"catalogId":""}],"scopeIncluded":["Aplicación de viniles en 7 Tuk Tuks","Acabados profesionales","Protección y retoques finales"],"scopeExcluded":["Hospedaje del equipo técnico","Costos de transporte de los Tuk Tuks"],"deliverables":[{"name":"Tuk Tuks rotulados","description":"7 Tuk Tuks completamente rotulados con el logo del HVPC.","estimatedDate":"2 semanas"}],"timeline":[{"phase":"Preparación","description":"Preparación del diseño y materiales necesarios para la rotulación.","duration":"1 semana"},{"phase":"Aplicación","description":"Aplicación de los viniles en los Tuk Tuks.","duration":"1 semana"}],"paymentSchedule":[{"installment":1,"description":"Pago inicial para comenzar el proyecto","percentage":50,"trigger":"Firma del contrato"},{"installment":2,"description":"Pago final al finalizar la rotulación","percentage":50,"trigger":"Entrega de los Tuk Tuks rotulados"}],"validityDays":15,"termsAndConditions":"Los precios son válidos por 15 días a partir de la fecha de emisión. El pago inicial debe ser realizado antes de comenzar el trabajo.","intellectualProperty":"Todos los diseños y materiales creados durante el proyecto son propiedad de KODEX SOLUTIONS S.R.L. hasta que se realice el pago completo.","confidentiality":"Ambas partes acuerdan mantener la confidencialidad sobre la información intercambiada durante el proyecto.","supportTerms":"Se ofrece soporte por 30 días después de la entrega para cualquier ajuste necesario.","warrantyTerms":"La rotulación tiene una garantía de 6 meses contra defectos de aplicación.","observations":"El cliente debe proporcionar el hospedaje para el equipo técnico durante una noche.","currency":"RD$","paymentType":"Transferencia Bancaria","paymentMethod":"Transferencia","discountRate":0,"notes":""}
Response: <!doctype html>
<html lang=en>
<title>429 Too Many Requests</title>
<h1>Too Many Requests</h1>
<p>10 per 1 minute</p>

------------------------------------------------------------
[2026-06-22 15:50:37] ERROR API:
Ruta: POST /api/quotations/preview
HTTP Code: 429
Payload: {"clientId":"169bc434-f41c-453f-9d60-5870166caeb2","clientName":"MANUEL PENA","clientRNC":"22900023665","clientContact":"","clientEmail":"bryanw@outlook.com","clientPhone":"","clientAddress":"","subject":"Cotización para Rotulación de Tuk Tuks - KODEX SOLUTIONS S.R.L","items":[{"code":"RTK-001","name":"Rotulación de Tuk Tuks","quantity":1,"price":20000,"itbisRate":0.18,"discountRate":0,"catalogId":""}],"scopeIncluded":["Aplicación de viniles en 7 Tuk Tuks","Acabados profesionales","Protección y retoques finales"],"scopeExcluded":["Hospedaje del equipo técnico","Costos de transporte de los Tuk Tuks"],"deliverables":[{"name":"Tuk Tuks rotulados","description":"7 Tuk Tuks completamente rotulados con el logo del HVPC.","estimatedDate":"2 semanas"}],"timeline":[{"phase":"Preparación","description":"Preparación del diseño y materiales necesarios para la rotulación.","duration":"1 semana"},{"phase":"Aplicación","description":"Aplicación de los viniles en los Tuk Tuks.","duration":"1 semana"}],"paymentSchedule":[{"installment":1,"description":"Pago inicial para comenzar el proyecto","percentage":50,"trigger":"Firma del contrato"},{"installment":2,"description":"Pago final al finalizar la rotulación","percentage":50,"trigger":"Entrega de los Tuk Tuks rotulados"}],"validityDays":15,"termsAndConditions":"Los precios son válidos por 15 días a partir de la fecha de emisión. El pago inicial debe ser realizado antes de comenzar el trabajo.","intellectualProperty":"Todos los diseños y materiales creados durante el proyecto son propiedad de KODEX SOLUTIONS S.R.L. hasta que se realice el pago completo.","confidentiality":"Ambas partes acuerdan mantener la confidencialidad sobre la información intercambiada durante el proyecto.","supportTerms":"Se ofrece soporte por 30 días después de la entrega para cualquier ajuste necesario.","warrantyTerms":"La rotulación tiene una garantía de 6 meses contra defectos de aplicación.","observations":"El cliente debe proporcionar el hospedaje para el equipo técnico durante una noche.","currency":"RD$","paymentType":"Transferencia Bancaria","paymentMethod":"Transferencia","discountRate":0,"notes":""}
Response: <!doctype html>
<html lang=en>
<title>429 Too Many Requests</title>
<h1>Too Many Requests</h1>
<p>10 per 1 minute</p>

------------------------------------------------------------
[2026-06-22 15:50:38] ERROR API:
Ruta: POST /api/quotations/preview
HTTP Code: 429
Payload: {"clientId":"169bc434-f41c-453f-9d60-5870166caeb2","clientName":"MANUEL PENA","clientRNC":"22900023665","clientContact":"","clientEmail":"bryanw@outlook.com","clientPhone":"","clientAddress":"","subject":"Cotización para Rotulación de Tuk Tuks - KODEX SOLUTIONS S.R.L","items":[{"code":"RTK-001","name":"Rotulación de Tuk Tuks","quantity":1,"price":20000,"itbisRate":0.18,"discountRate":0,"catalogId":""}],"scopeIncluded":["Aplicación de viniles en 7 Tuk Tuks","Acabados profesionales","Protección y retoques finales"],"scopeExcluded":["Hospedaje del equipo técnico","Costos de transporte de los Tuk Tuks"],"deliverables":[{"name":"Tuk Tuks rotulados","description":"7 Tuk Tuks completamente rotulados con el logo del HVPC.","estimatedDate":"2 semanas"}],"timeline":[{"phase":"Preparación","description":"Preparación del diseño y materiales necesarios para la rotulación.","duration":"1 semana"},{"phase":"Aplicación","description":"Aplicación de los viniles en los Tuk Tuks.","duration":"1 semana"}],"paymentSchedule":[{"installment":1,"description":"Pago inicial para comenzar el proyecto","percentage":50,"trigger":"Firma del contrato"},{"installment":2,"description":"Pago final al finalizar la rotulación","percentage":50,"trigger":"Entrega de los Tuk Tuks rotulados"}],"validityDays":15,"termsAndConditions":"Los precios son válidos por 15 días a partir de la fecha de emisión. El pago inicial debe ser realizado antes de comenzar el trabajo.","intellectualProperty":"Todos los diseños y materiales creados durante el proyecto son propiedad de KODEX SOLUTIONS S.R.L. hasta que se realice el pago completo.","confidentiality":"Ambas partes acuerdan mantener la confidencialidad sobre la información intercambiada durante el proyecto.","supportTerms":"Se ofrece soporte por 30 días después de la entrega para cualquier ajuste necesario.","warrantyTerms":"La rotulación tiene una garantía de 6 meses contra defectos de aplicación.","observations":"El cliente debe proporcionar el hospedaje para el equipo técnico durante una noche.","currency":"RD$","paymentType":"Transferencia Bancaria","paymentMethod":"Transferencia","discountRate":0,"notes":""}
Response: <!doctype html>
<html lang=en>
<title>429 Too Many Requests</title>
<h1>Too Many Requests</h1>
<p>10 per 1 minute</p>

------------------------------------------------------------
[2026-06-22 15:50:46] ERROR API:
Ruta: POST /api/quotations/preview
HTTP Code: 429
Payload: {"clientId":"169bc434-f41c-453f-9d60-5870166caeb2","clientName":"MANUEL PENA","clientRNC":"22900023665","clientContact":"MANUEL PENA","clientEmail":"bryanw@outlook.com","clientPhone":"8093336666","clientAddress":"","subject":"Cotización para Rotulación de Tuk Tuks - KODEX SOLUTIONS S.R.L","items":[{"code":"RTK-001","name":"Rotulación de Tuk Tuks","quantity":1,"price":20000,"itbisRate":0.18,"discountRate":0,"catalogId":""}],"scopeIncluded":["Aplicación de viniles en 7 Tuk Tuks","Acabados profesionales","Protección y retoques finales"],"scopeExcluded":["Hospedaje del equipo técnico","Costos de transporte de los Tuk Tuks"],"deliverables":[{"name":"Tuk Tuks rotulados","description":"7 Tuk Tuks completamente rotulados con el logo del HVPC.","estimatedDate":"2 semanas"}],"timeline":[{"phase":"Preparación","description":"Preparación del diseño y materiales necesarios para la rotulación.","duration":"1 semana"},{"phase":"Aplicación","description":"Aplicación de los viniles en los Tuk Tuks.","duration":"1 semana"}],"paymentSchedule":[{"installment":1,"description":"Pago inicial para comenzar el proyecto","percentage":50,"trigger":"Firma del contrato"},{"installment":2,"description":"Pago final al finalizar la rotulación","percentage":50,"trigger":"Entrega de los Tuk Tuks rotulados"}],"validityDays":15,"termsAndConditions":"Los precios son válidos por 15 días a partir de la fecha de emisión. El pago inicial debe ser realizado antes de comenzar el trabajo.","intellectualProperty":"Todos los diseños y materiales creados durante el proyecto son propiedad de KODEX SOLUTIONS S.R.L. hasta que se realice el pago completo.","confidentiality":"Ambas partes acuerdan mantener la confidencialidad sobre la información intercambiada durante el proyecto.","supportTerms":"Se ofrece soporte por 30 días después de la entrega para cualquier ajuste necesario.","warrantyTerms":"La rotulación tiene una garantía de 6 meses contra defectos de aplicación.","observations":"El cliente debe proporcionar el hospedaje para el equipo técnico durante una noche.","currency":"RD$","paymentType":"Transferencia Bancaria","paymentMethod":"Transferencia","discountRate":0,"notes":""}
Response: <!doctype html>
<html lang=en>
<title>429 Too Many Requests</title>
<h1>Too Many Requests</h1>
<p>10 per 1 minute</p>

------------------------------------------------------------
[2026-06-22 15:50:47] ERROR API:
Ruta: POST /api/quotations/preview
HTTP Code: 429
Payload: {"clientId":"169bc434-f41c-453f-9d60-5870166caeb2","clientName":"MANUEL PENA","clientRNC":"22900023665","clientContact":"MANUEL PENA","clientEmail":"bryanw@outlook.com","clientPhone":"8093336666","clientAddress":"","subject":"Cotización para Rotulación de Tuk Tuks - KODEX SOLUTIONS S.R.L","items":[{"code":"RTK-001","name":"Rotulación de Tuk Tuks","quantity":1,"price":20000,"itbisRate":0.18,"discountRate":0,"catalogId":""}],"scopeIncluded":["Aplicación de viniles en 7 Tuk Tuks","Acabados profesionales","Protección y retoques finales"],"scopeExcluded":["Hospedaje del equipo técnico","Costos de transporte de los Tuk Tuks"],"deliverables":[{"name":"Tuk Tuks rotulados","description":"7 Tuk Tuks completamente rotulados con el logo del HVPC.","estimatedDate":"2 semanas"}],"timeline":[{"phase":"Preparación","description":"Preparación del diseño y materiales necesarios para la rotulación.","duration":"1 semana"},{"phase":"Aplicación","description":"Aplicación de los viniles en los Tuk Tuks.","duration":"1 semana"}],"paymentSchedule":[{"installment":1,"description":"Pago inicial para comenzar el proyecto","percentage":50,"trigger":"Firma del contrato"},{"installment":2,"description":"Pago final al finalizar la rotulación","percentage":50,"trigger":"Entrega de los Tuk Tuks rotulados"}],"validityDays":15,"termsAndConditions":"Los precios son válidos por 15 días a partir de la fecha de emisión. El pago inicial debe ser realizado antes de comenzar el trabajo.","intellectualProperty":"Todos los diseños y materiales creados durante el proyecto son propiedad de KODEX SOLUTIONS S.R.L. hasta que se realice el pago completo.","confidentiality":"Ambas partes acuerdan mantener la confidencialidad sobre la información intercambiada durante el proyecto.","supportTerms":"Se ofrece soporte por 30 días después de la entrega para cualquier ajuste necesario.","warrantyTerms":"La rotulación tiene una garantía de 6 meses contra defectos de aplicación.","observations":"El cliente debe proporcionar el hospedaje para el equipo técnico durante una noche.","currency":"RD$","paymentType":"Transferencia Bancaria","paymentMethod":"Transferencia","discountRate":0,"notes":""}
Response: <!doctype html>
<html lang=en>
<title>429 Too Many Requests</title>
<h1>Too Many Requests</h1>
<p>10 per 1 minute</p>

------------------------------------------------------------
[2026-06-22 16:18:56] ERROR API:
Ruta: POST /api/quotations/preview
HTTP Code: 429
Payload: {"clientId":"e7ec7ad9-20cf-4e24-9465-c66fe51f3447","clientName":"ESMERLIN PANIAGUA MARTINEZ","clientRNC":"22900013305","clientContact":"ESMERLIN PANIAGUA MARTINEZ","clientEmail":"esmerlinep@gmail.com","clientPhone":"809-866-8227","clientAddress":"","subject":"Cotización para Rotulación de Tuk Tuks","items":[{"code":"RTK-001","name":"Rotulación de Tuk Tuks","quantity":7,"price":20000,"itbisRate":0.18,"discountRate":0,"catalogId":""}],"scopeIncluded":["Aplicación de viniles con logo del HVPC en 7 Tuk Tuks","Acabados profesionales","Protección y retoques finales"],"scopeExcluded":["Hospedaje del equipo técnico (debe ser facilitado por el cliente)","Materiales adicionales no especificados"],"deliverables":[{"name":"Tuk Tuks rotulados","description":"7 Tuk Tuks completamente rotulados con el logo del HVPC.","estimatedDate":"2 semanas"}],"timeline":[{"phase":"Instalación de rotulación","description":"Proceso de aplicación de viniles y acabados.","duration":"1 semana"},{"phase":"Revisión y retoques finales","description":"Verificación de calidad y retoques necesarios.","duration":"1 semana"}],"paymentSchedule":[{"installment":1,"description":"Pago inicial para iniciar el proyecto","percentage":50,"trigger":"Firma del contrato"},{"installment":2,"description":"Pago final al concluir la instalación","percentage":50,"trigger":"Entrega de Tuk Tuks rotulados"}],"validityDays":"30","termsAndConditions":"Los precios son válidos por 15 días. El pago inicial debe ser realizado antes de iniciar el trabajo. Cualquier cambio en el alcance del proyecto será evaluado y cotizado por separado.","intellectualProperty":"Los derechos de uso del diseño de rotulación pertenecen a KODEX SOLUTIONS S.R.L una vez completado el pago total.","confidentiality":"Toda la información compartida entre las partes se considera confidencial y no será divulgada sin consentimiento previo.","supportTerms":"Se ofrece soporte por 30 días después de la entrega para cualquier ajuste menor.","warrantyTerms":"La garantía cubre defectos de instalación por un período de 6 meses.","observations":"Se requiere que el cliente proporcione el hospedaje para el equipo técnico durante la instalación.","currency":"RD$","paymentType":"Transferencia Bancaria","paymentMethod":"Transferencia","discountRate":0,"notes":""}
Response: <!doctype html>
<html lang=en>
<title>429 Too Many Requests</title>
<h1>Too Many Requests</h1>
<p>10 per 1 minute</p>

------------------------------------------------------------
[2026-06-22 16:54:14] ERROR API:
Ruta: POST /api/quotations/preview
HTTP Code: 429
Payload: {"clientId":"e7ec7ad9-20cf-4e24-9465-c66fe51f3447","clientName":"ESMERLIN PANIAGUA MARTINEZ","clientRNC":"22900013305","clientContact":"","clientEmail":"esmerlinep@gmail.com","clientPhone":"809-866-8227","clientAddress":"","subject":"Cotización para Rotulación de Tuk Tuks del HVPC","items":[{"code":"RTK-001","name":"Rotulación de Tuk Tuks","quantity":7,"price":20000,"itbisRate":0.18,"discountRate":0,"catalogId":""}],"scopeIncluded":["Aplicación de viniles con logo en 7 Tuk Tuks","Acabados profesionales","Protección de la rotulación","Retoques finales","Mano de obra especializada"],"scopeExcluded":["Costos de transporte de los Tuk Tuks","Materiales adicionales no especificados","Mantenimiento posterior a la instalación"],"deliverables":[{"name":"Rotulación Completa","description":"Rotulación de 7 Tuk Tuks con el logo del HVPC","estimatedDate":"2 semanas"}],"timeline":[{"phase":"Instalación de Rotulación","description":"Aplicación de viniles y acabados finales","duration":"2 semanas"}],"paymentSchedule":[{"installment":1,"description":"Pago inicial para comenzar el proyecto","percentage":40,"trigger":"Firma del contrato"},{"installment":2,"description":"Pago final tras la entrega de la rotulación","percentage":60,"trigger":"Finalización de la instalación"}],"validityDays":15,"termsAndConditions":"Los precios son válidos por 15 días a partir de la fecha de emisión. Los pagos deben realizarse según el cronograma establecido.","intellectualProperty":"La propiedad intelectual de los diseños utilizados en la rotulación permanecerá con KODEX SOLUTIONS S.R.L.","confidentiality":"Ambas partes se comprometen a mantener la confidencialidad de la información compartida durante el proyecto.","supportTerms":"Se ofrece soporte técnico durante un mes posterior a la entrega de la rotulación.","warrantyTerms":"La rotulación tiene una garantía de 6 meses contra defectos de instalación.","observations":"La cotización no incluye impuestos adicionales ni costos de transporte.","currency":"RD$","paymentType":"Contado","paymentMethod":"Transferencia","discountRate":0,"notes":""}
Response: <!doctype html>
<html lang=en>
<title>429 Too Many Requests</title>
<h1>Too Many Requests</h1>
<p>10 per 1 minute</p>

------------------------------------------------------------
[2026-06-22 16:54:18] ERROR API:
Ruta: POST /api/quotations/preview
HTTP Code: 429
Payload: {"clientId":"e7ec7ad9-20cf-4e24-9465-c66fe51f3447","clientName":"ESMERLIN PANIAGUA MARTINEZ","clientRNC":"22900013305","clientContact":"","clientEmail":"esmerlinep@gmail.com","clientPhone":"809-866-8227","clientAddress":"","subject":"Cotización para Rotulación de Tuk Tuks del HVPC","items":[{"code":"RTK-001","name":"Rotulación de Tuk Tuks","quantity":7,"price":20000,"itbisRate":0.18,"discountRate":0,"catalogId":""}],"scopeIncluded":["Aplicación de viniles con logo en 7 Tuk Tuks","Acabados profesionales","Protección de la rotulación","Retoques finales","Mano de obra especializada"],"scopeExcluded":["Costos de transporte de los Tuk Tuks","Materiales adicionales no especificados","Mantenimiento posterior a la instalación"],"deliverables":[{"name":"Rotulación Completa","description":"Rotulación de 7 Tuk Tuks con el logo del HVPC","estimatedDate":"2 semanas"}],"timeline":[{"phase":"Instalación de Rotulación","description":"Aplicación de viniles y acabados finales","duration":"2 semanas"}],"paymentSchedule":[{"installment":1,"description":"Pago inicial para comenzar el proyecto","percentage":40,"trigger":"Firma del contrato"},{"installment":2,"description":"Pago final tras la entrega de la rotulación","percentage":60,"trigger":"Finalización de la instalación"}],"validityDays":15,"termsAndConditions":"Los precios son válidos por 15 días a partir de la fecha de emisión. Los pagos deben realizarse según el cronograma establecido.","intellectualProperty":"La propiedad intelectual de los diseños utilizados en la rotulación permanecerá con KODEX SOLUTIONS S.R.L.","confidentiality":"Ambas partes se comprometen a mantener la confidencialidad de la información compartida durante el proyecto.","supportTerms":"Se ofrece soporte técnico durante un mes posterior a la entrega de la rotulación.","warrantyTerms":"La rotulación tiene una garantía de 6 meses contra defectos de instalación.","observations":"La cotización no incluye impuestos adicionales ni costos de transporte.","currency":"RD$","paymentType":"Por Fases","paymentMethod":"Transferencia Bancaria","discountRate":0,"notes":""}
Response: <!doctype html>
<html lang=en>
<title>429 Too Many Requests</title>
<h1>Too Many Requests</h1>
<p>10 per 1 minute</p>

------------------------------------------------------------
